Completed import for pid 4722

Record Type:      BIB
Export Mode:      Range of MARC IDs
Export Target:    7472233-7472233
Output File Name: 7472233.mrc

(# = 100 records)
EXPORTING...
...COMPLETED

Records written to Output File:  1

No errors were encountered during processing.
Starting import, please wait...
Completed import for pid 4798

Record Type:      BIB
Export Mode:      Range of MARC IDs
Export Target:    7654535-7654535
Output File Name: 7654535.mrc

(# = 100 records)
EXPORTING...
...COMPLETED

Records written to Output File:  1

No errors were encountered during processing.
Starting import, please wait...
Completed import for pid 4881
20160419085000 checking PIA requests
20160419092000 checking PIA requests
20160419095000 checking PIA requests
20160419102000 checking PIA requests
20160419105000 checking PIA requests
20160419112000 checking PIA requests
20160419115000 checking PIA requests
20160419122000 checking PIA requests

Tue Apr 19 12:20:00 PDT 2016 Loading data into Oracle...
SQL*Loader execution successful.

SQL*Loader: Release 11.2.0.4.0 - Production on Tue Apr 19 12:20:00 2016

Copyright (c) 1982, 2011, Oracle and/or its affiliates.  All rights reserved.

Control File:   /m1/voyager/ucladb/local/pia/pia_requests.ctl
Data File:      /m1/voyager/ucladb/local/pia/requests/opacrequests.BUYFORME.20160419122000.out
  Bad File:     /m1/voyager/ucladb/local/pia/requests/opacrequests.BUYFORME.20160419122000.out.bad
  Discard File:  none specified
 
 (Allow all discards)

Number to load: ALL
Number to skip: 0
Errors allowed: 50
Bind array:     100 rows, maximum of 512000 bytes
Continuation:    none specified
Path used:      Conventional
Silent options: FEEDBACK and DISCARDS

Table VGER_SUPPORT.PIA_REQUEST, loaded from every logical record.
Insert option in effect for this table: APPEND
TRAILING NULLCOLS option in effect

   Column Name                  Position   Len  Term Encl Datatype
------------------------------ ---------- ----- ---- ---- ---------------------
REQUEST_ID                          FIRST     *   |       CHARACTER            
REQUEST_DATE                         NEXT     *   |       DATE YYYY-MM-DD HH24:MI:ss
USER_FIELD_1                         NEXT     *   |       CHARACTER            
USER_FIELD_2                         NEXT     *   |       CHARACTER            
USER_FIELD_3                         NEXT     *   |       CHARACTER            
USER_FIELD_4                         NEXT     *   |       CHARACTER            
USER_FIELD_5                         NEXT     *   |       CHARACTER            
USER_FIELD_6                         NEXT     *   |       CHARACTER            
BIB_ID                               NEXT     *   |       CHARACTER            
TITLE_BRIEF                          NEXT     *   |       CHARACTER            
TITLE_FULL                           NEXT     *   |       CHARACTER            
AUTHOR                               NEXT     *   |       CHARACTER            
EDITION                              NEXT     *   |       CHARACTER            
MFHD_ID                              NEXT     *   |       CHARACTER            
PATRON_LAST_NAME                     NEXT     *   |       CHARACTER            
PATRON_FIRST_NAME                    NEXT     *   |       CHARACTER            
PATRON_BARCODE                       NEXT     *   |       CHARACTER            
PATRON_GROUP                         NEXT     *   |       CHARACTER            
PATRON_CODE                          NEXT     *   |       CHARACTER            
USER_COMMENT                         NEXT     *   |       CHARACTER            
PATRON_ID                            NEXT     *   |       CHARACTER            

value used for ROWS parameter changed from 100 to 94

Table VGER_SUPPORT.PIA_REQUEST:
  1 Row successfully loaded.
  0 Rows not loaded due to data errors.
  0 Rows not loaded because all WHEN clauses were failed.
  0 Rows not loaded because all fields were null.


Space allocated for bind array:                 509292 bytes(94 rows)
Read   buffer bytes: 1048576

Total logical records skipped:          0
Total logical records read:             1
Total logical records rejected:         0
Total logical records discarded:        0

Run began on Tue Apr 19 12:20:00 2016
Run ended on Tue Apr 19 12:20:01 2016

Elapsed time was:     00:00:00.44
CPU time was:         00:00:00.05
Tue Apr 19 12:20:01 PDT 2016 Completed loading /m1/voyager/ucladb/local/pia/requests/opacrequests.BUYFORME.20160419122000.out into Oracle.

************************************************************

Tue Apr 19 12:20:01 PDT 2016 Running pia_phase_2_bibs.sql in Oracle...
Tue Apr 19 12:20:03 PDT 2016 Finished running pia_phase_2_bibs.sql

************************************************************

Record Type:      BIB
Export Mode:      Range of MARC IDs
Export Target:    7672217-7672217
Output File Name: 7672217.mrc

(# = 100 records)
EXPORTING...
...COMPLETED

Records written to Output File:  1

No errors were encountered during processing.
Starting import, please wait...
Completed import for pid 21172
20160419125000 checking PIA requests
20160419132000 checking PIA requests
20160419135000 checking PIA requests
20160419142000 checking PIA requests
20160419145000 checking PIA requests
20160419152000 checking PIA requests

Tue Apr 19 15:20:00 PDT 2016 Loading data into Oracle...
SQL*Loader execution successful.

SQL*Loader: Release 11.2.0.4.0 - Production on Tue Apr 19 15:20:00 2016

Copyright (c) 1982, 2011, Oracle and/or its affiliates.  All rights reserved.

Control File:   /m1/voyager/ucladb/local/pia/pia_requests.ctl
Data File:      /m1/voyager/ucladb/local/pia/requests/opacrequests.BUYFORME.20160419152000.out
  Bad File:     /m1/voyager/ucladb/local/pia/requests/opacrequests.BUYFORME.20160419152000.out.bad
  Discard File:  none specified
 
 (Allow all discards)

Number to load: ALL
Number to skip: 0
Errors allowed: 50
Bind array:     100 rows, maximum of 512000 bytes
Continuation:    none specified
Path used:      Conventional
Silent options: FEEDBACK and DISCARDS

Table VGER_SUPPORT.PIA_REQUEST, loaded from every logical record.
Insert option in effect for this table: APPEND
TRAILING NULLCOLS option in effect

   Column Name                  Position   Len  Term Encl Datatype
------------------------------ ---------- ----- ---- ---- ---------------------
REQUEST_ID                          FIRST     *   |       CHARACTER            
REQUEST_DATE                         NEXT     *   |       DATE YYYY-MM-DD HH24:MI:ss
USER_FIELD_1                         NEXT     *   |       CHARACTER            
USER_FIELD_2                         NEXT     *   |       CHARACTER            
USER_FIELD_3                         NEXT     *   |       CHARACTER            
USER_FIELD_4                         NEXT     *   |       CHARACTER            
USER_FIELD_5                         NEXT     *   |       CHARACTER            
USER_FIELD_6                         NEXT     *   |       CHARACTER            
BIB_ID                               NEXT     *   |       CHARACTER            
TITLE_BRIEF                          NEXT     *   |       CHARACTER            
TITLE_FULL                           NEXT     *   |       CHARACTER            
AUTHOR                               NEXT     *   |       CHARACTER            
EDITION                              NEXT     *   |       CHARACTER            
MFHD_ID                              NEXT     *   |       CHARACTER            
PATRON_LAST_NAME                     NEXT     *   |       CHARACTER            
PATRON_FIRST_NAME                    NEXT     *   |       CHARACTER            
PATRON_BARCODE                       NEXT     *   |       CHARACTER            
PATRON_GROUP                         NEXT     *   |       CHARACTER            
PATRON_CODE                          NEXT     *   |       CHARACTER            
USER_COMMENT                         NEXT     *   |       CHARACTER            
PATRON_ID                            NEXT     *   |       CHARACTER            

value used for ROWS parameter changed from 100 to 94

Table VGER_SUPPORT.PIA_REQUEST:
  2 Rows successfully loaded.
  0 Rows not loaded due to data errors.
  0 Rows not loaded because all WHEN clauses were failed.
  0 Rows not loaded because all fields were null.


Space allocated for bind array:                 509292 bytes(94 rows)
Read   buffer bytes: 1048576

Total logical records skipped:          0
Total logical records read:             2
Total logical records rejected:         0
Total logical records discarded:        0

Run began on Tue Apr 19 15:20:00 2016
Run ended on Tue Apr 19 15:20:01 2016

Elapsed time was:     00:00:00.41
CPU time was:         00:00:00.05
Tue Apr 19 15:20:01 PDT 2016 Completed loading /m1/voyager/ucladb/local/pia/requests/opacrequests.BUYFORME.20160419152000.out into Oracle.

************************************************************

Tue Apr 19 15:20:01 PDT 2016 Running pia_phase_2_bibs.sql in Oracle...
Tue Apr 19 15:20:03 PDT 2016 Finished running pia_phase_2_bibs.sql

************************************************************

Record Type:      BIB
Export Mode:      Range of MARC IDs
Export Target:    7793845-7793845
Output File Name: 7793845.mrc

(# = 100 records)
EXPORTING...
...COMPLETED

Records written to Output File:  1

No errors were encountered during processing.
Starting import, please wait...
Completed import for pid 10780
20160419155000 checking PIA requests
20160419162000 checking PIA requests
20160419165000 checking PIA requests
20160419172000 checking PIA requests

Tue Apr 19 17:20:00 PDT 2016 Loading data into Oracle...
SQL*Loader execution successful.

SQL*Loader: Release 11.2.0.4.0 - Production on Tue Apr 19 17:20:00 2016

Copyright (c) 1982, 2011, Oracle and/or its affiliates.  All rights reserved.

Control File:   /m1/voyager/ucladb/local/pia/pia_requests.ctl
Data File:      /m1/voyager/ucladb/local/pia/requests/opacrequests.BUYFORME.20160419172000.out
  Bad File:     /m1/voyager/ucladb/local/pia/requests/opacrequests.BUYFORME.20160419172000.out.bad
  Discard File:  none specified
 
 (Allow all discards)

Number to load: ALL
Number to skip: 0
Errors allowed: 50
Bind array:     100 rows, maximum of 512000 bytes
Continuation:    none specified
Path used:      Conventional
Silent options: FEEDBACK and DISCARDS

Table VGER_SUPPORT.PIA_REQUEST, loaded from every logical record.
Insert option in effect for this table: APPEND
TRAILING NULLCOLS option in effect

   Column Name                  Position   Len  Term Encl Datatype
------------------------------ ---------- ----- ---- ---- ---------------------
REQUEST_ID                          FIRST     *   |       CHARACTER            
REQUEST_DATE                         NEXT     *   |       DATE YYYY-MM-DD HH24:MI:ss
USER_FIELD_1                         NEXT     *   |       CHARACTER            
USER_FIELD_2                         NEXT     *   |       CHARACTER            
USER_FIELD_3                         NEXT     *   |       CHARACTER            
USER_FIELD_4                         NEXT     *   |       CHARACTER            
USER_FIELD_5                         NEXT     *   |       CHARACTER            
USER_FIELD_6                         NEXT     *   |       CHARACTER            
BIB_ID                               NEXT     *   |       CHARACTER            
TITLE_BRIEF                          NEXT     *   |       CHARACTER            
TITLE_FULL                           NEXT     *   |       CHARACTER            
AUTHOR                               NEXT     *   |       CHARACTER            
EDITION                              NEXT     *   |       CHARACTER            
MFHD_ID                              NEXT     *   |       CHARACTER            
PATRON_LAST_NAME                     NEXT     *   |       CHARACTER            
PATRON_FIRST_NAME                    NEXT     *   |       CHARACTER            
PATRON_BARCODE                       NEXT     *   |       CHARACTER            
PATRON_GROUP                         NEXT     *   |       CHARACTER            
PATRON_CODE                          NEXT     *   |       CHARACTER            
USER_COMMENT                         NEXT     *   |       CHARACTER            
PATRON_ID                            NEXT     *   |       CHARACTER            

value used for ROWS parameter changed from 100 to 94

Table VGER_SUPPORT.PIA_REQUEST:
  2 Rows successfully loaded.
  0 Rows not loaded due to data errors.
  0 Rows not loaded because all WHEN clauses were failed.
  0 Rows not loaded because all fields were null.


Space allocated for bind array:                 509292 bytes(94 rows)
Read   buffer bytes: 1048576

Total logical records skipped:          0
Total logical records read:             2
Total logical records rejected:         0
Total logical records discarded:        0

Run began on Tue Apr 19 17:20:00 2016
Run ended on Tue Apr 19 17:20:00 2016

Elapsed time was:     00:00:00.29
CPU time was:         00:00:00.05
Tue Apr 19 17:20:00 PDT 2016 Completed loading /m1/voyager/ucladb/local/pia/requests/opacrequests.BUYFORME.20160419172000.out into Oracle.

************************************************************

Tue Apr 19 17:20:00 PDT 2016 Running pia_phase_2_bibs.sql in Oracle...
Tue Apr 19 17:20:01 PDT 2016 Finished running pia_phase_2_bibs.sql

************************************************************

Record Type:      BIB
Export Mode:      Range of MARC IDs
Export Target:    7707816-7707816
Output File Name: 7707816.mrc

(# = 100 records)
EXPORTING...
...COMPLETED

Records written to Output File:  1

No errors were encountered during processing.
Starting import, please wait...
Completed import for pid 25857

Record Type:      BIB
Export Mode:      Range of MARC IDs
Export Target:    7793879-7793879
Output File Name: 7793879.mrc

(# = 100 records)
EXPORTING...
...COMPLETED

Records written to Output File:  1

No errors were encountered during processing.
Starting import, please wait...
Completed import for pid 25940
20160419175000 checking PIA requests
20160420082000 checking PIA requests

Wed Apr 20 08:20:00 PDT 2016 Loading data into Oracle...
SQL*Loader execution successful.

SQL*Loader: Release 11.2.0.4.0 - Production on Wed Apr 20 08:20:00 2016

Copyright (c) 1982, 2011, Oracle and/or its affiliates.  All rights reserved.

Control File:   /m1/voyager/ucladb/local/pia/pia_requests.ctl
Data File:      /m1/voyager/ucladb/local/pia/requests/opacrequests.BUYFORME.20160420082000.out
  Bad File:     /m1/voyager/ucladb/local/pia/requests/opacrequests.BUYFORME.20160420082000.out.bad
  Discard File:  none specified
 
 (Allow all discards)

Number to load: ALL
Number to skip: 0
Errors allowed: 50
Bind array:     100 rows, maximum of 512000 bytes
Continuation:    none specified
Path used:      Conventional
Silent options: FEEDBACK and DISCARDS

Table VGER_SUPPORT.PIA_REQUEST, loaded from every logical record.
Insert option in effect for this table: APPEND
TRAILING NULLCOLS option in effect

   Column Name                  Position   Len  Term Encl Datatype
------------------------------ ---------- ----- ---- ---- ---------------------
REQUEST_ID                          FIRST     *   |       CHARACTER            
REQUEST_DATE                         NEXT     *   |       DATE YYYY-MM-DD HH24:MI:ss
USER_FIELD_1                         NEXT     *   |       CHARACTER            
USER_FIELD_2                         NEXT     *   |       CHARACTER            
USER_FIELD_3                         NEXT     *   |       CHARACTER            
USER_FIELD_4                         NEXT     *   |       CHARACTER            
USER_FIELD_5                         NEXT     *   |       CHARACTER            
USER_FIELD_6                         NEXT     *   |       CHARACTER            
BIB_ID                               NEXT     *   |       CHARACTER            
TITLE_BRIEF                          NEXT     *   |       CHARACTER            
TITLE_FULL                           NEXT     *   |       CHARACTER            
AUTHOR                               NEXT     *   |       CHARACTER            
EDITION                              NEXT     *   |       CHARACTER            
MFHD_ID                              NEXT     *   |       CHARACTER            
PATRON_LAST_NAME                     NEXT     *   |       CHARACTER            
PATRON_FIRST_NAME                    NEXT     *   |       CHARACTER            
PATRON_BARCODE                       NEXT     *   |       CHARACTER            
PATRON_GROUP                         NEXT     *   |       CHARACTER            
PATRON_CODE                          NEXT     *   |       CHARACTER            
USER_COMMENT                         NEXT     *   |       CHARACTER            
PATRON_ID                            NEXT     *   |       CHARACTER            

value used for ROWS parameter changed from 100 to 94

Table VGER_SUPPORT.PIA_REQUEST:
  1 Row successfully loaded.
  0 Rows not loaded due to data errors.
  0 Rows not loaded because all WHEN clauses were failed.
  0 Rows not loaded because all fields were null.


Space allocated for bind array:                 509292 bytes(94 rows)
Read   buffer bytes: 1048576

Total logical records skipped:          0
Total logical records read:             1
Total logical records rejected:         0
Total logical records discarded:        0

Run began on Wed Apr 20 08:20:00 2016
Run ended on Wed Apr 20 08:20:01 2016

Elapsed time was:     00:00:00.49
CPU time was:         00:00:00.05
Wed Apr 20 08:20:01 PDT 2016 Completed loading /m1/voyager/ucladb/local/pia/requests/opacrequests.BUYFORME.20160420082000.out into Oracle.

************************************************************

Wed Apr 20 08:20:01 PDT 2016 Running pia_phase_2_bibs.sql in Oracle...
Wed Apr 20 08:20:03 PDT 2016 Finished running pia_phase_2_bibs.sql

************************************************************
20160420085000 checking PIA requests
20160420092000 checking PIA requests
20160420095000 checking PIA requests
20160420102000 checking PIA requests
20160420105000 checking PIA requests
20160420112000 checking PIA requests

Wed Apr 20 11:20:00 PDT 2016 Loading data into Oracle...
SQL*Loader execution successful.

SQL*Loader: Release 11.2.0.4.0 - Production on Wed Apr 20 11:20:00 2016

Copyright (c) 1982, 2011, Oracle and/or its affiliates.  All rights reserved.

Control File:   /m1/voyager/ucladb/local/pia/pia_requests.ctl
Data File:      /m1/voyager/ucladb/local/pia/requests/opacrequests.BUYFORME.20160420112000.out
  Bad File:     /m1/voyager/ucladb/local/pia/requests/opacrequests.BUYFORME.20160420112000.out.bad
  Discard File:  none specified
 
 (Allow all discards)

Number to load: ALL
Number to skip: 0
Errors allowed: 50
Bind array:     100 rows, maximum of 512000 bytes
Continuation:    none specified
Path used:      Conventional
Silent options: FEEDBACK and DISCARDS

Table VGER_SUPPORT.PIA_REQUEST, loaded from every logical record.
Insert option in effect for this table: APPEND
TRAILING NULLCOLS option in effect

   Column Name                  Position   Len  Term Encl Datatype
------------------------------ ---------- ----- ---- ---- ---------------------
REQUEST_ID                          FIRST     *   |       CHARACTER            
REQUEST_DATE                         NEXT     *   |       DATE YYYY-MM-DD HH24:MI:ss
USER_FIELD_1                         NEXT     *   |       CHARACTER            
USER_FIELD_2                         NEXT     *   |       CHARACTER            
USER_FIELD_3                         NEXT     *   |       CHARACTER            
USER_FIELD_4                         NEXT     *   |       CHARACTER            
USER_FIELD_5                         NEXT     *   |       CHARACTER            
USER_FIELD_6                         NEXT     *   |       CHARACTER            
BIB_ID                               NEXT     *   |       CHARACTER            
TITLE_BRIEF                          NEXT     *   |       CHARACTER            
TITLE_FULL                           NEXT     *   |       CHARACTER            
AUTHOR                               NEXT     *   |       CHARACTER            
EDITION                              NEXT     *   |       CHARACTER            
MFHD_ID                              NEXT     *   |       CHARACTER            
PATRON_LAST_NAME                     NEXT     *   |       CHARACTER            
PATRON_FIRST_NAME                    NEXT     *   |       CHARACTER            
PATRON_BARCODE                       NEXT     *   |       CHARACTER            
PATRON_GROUP                         NEXT     *   |       CHARACTER            
PATRON_CODE                          NEXT     *   |       CHARACTER            
USER_COMMENT                         NEXT     *   |       CHARACTER            
PATRON_ID                            NEXT     *   |       CHARACTER            

value used for ROWS parameter changed from 100 to 94

Table VGER_SUPPORT.PIA_REQUEST:
  1 Row successfully loaded.
  0 Rows not loaded due to data errors.
  0 Rows not loaded because all WHEN clauses were failed.
  0 Rows not loaded because all fields were null.


Space allocated for bind array:                 509292 bytes(94 rows)
Read   buffer bytes: 1048576

Total logical records skipped:          0
Total logical records read:             1
Total logical records rejected:         0
Total logical records discarded:        0

Run began on Wed Apr 20 11:20:00 2016
Run ended on Wed Apr 20 11:20:01 2016

Elapsed time was:     00:00:00.39
CPU time was:         00:00:00.05
Wed Apr 20 11:20:01 PDT 2016 Completed loading /m1/voyager/ucladb/local/pia/requests/opacrequests.BUYFORME.20160420112000.out into Oracle.

************************************************************

Wed Apr 20 11:20:01 PDT 2016 Running pia_phase_2_bibs.sql in Oracle...
Wed Apr 20 11:20:02 PDT 2016 Finished running pia_phase_2_bibs.sql

************************************************************
20160420115000 checking PIA requests

Wed Apr 20 11:50:00 PDT 2016 Loading data into Oracle...
SQL*Loader execution successful.

SQL*Loader: Release 11.2.0.4.0 - Production on Wed Apr 20 11:50:00 2016

Copyright (c) 1982, 2011, Oracle and/or its affiliates.  All rights reserved.

Control File:   /m1/voyager/ucladb/local/pia/pia_requests.ctl
Data File:      /m1/voyager/ucladb/local/pia/requests/opacrequests.BUYFORME.20160420115000.out
  Bad File:     /m1/voyager/ucladb/local/pia/requests/opacrequests.BUYFORME.20160420115000.out.bad
  Discard File:  none specified
 
 (Allow all discards)

Number to load: ALL
Number to skip: 0
Errors allowed: 50
Bind array:     100 rows, maximum of 512000 bytes
Continuation:    none specified
Path used:      Conventional
Silent options: FEEDBACK and DISCARDS

Table VGER_SUPPORT.PIA_REQUEST, loaded from every logical record.
Insert option in effect for this table: APPEND
TRAILING NULLCOLS option in effect

   Column Name                  Position   Len  Term Encl Datatype
------------------------------ ---------- ----- ---- ---- ---------------------
REQUEST_ID                          FIRST     *   |       CHARACTER            
REQUEST_DATE                         NEXT     *   |       DATE YYYY-MM-DD HH24:MI:ss
USER_FIELD_1                         NEXT     *   |       CHARACTER            
USER_FIELD_2                         NEXT     *   |       CHARACTER            
USER_FIELD_3                         NEXT     *   |       CHARACTER            
USER_FIELD_4                         NEXT     *   |       CHARACTER            
USER_FIELD_5                         NEXT     *   |       CHARACTER            
USER_FIELD_6                         NEXT     *   |       CHARACTER            
BIB_ID                               NEXT     *   |       CHARACTER            
TITLE_BRIEF                          NEXT     *   |       CHARACTER            
TITLE_FULL                           NEXT     *   |       CHARACTER            
AUTHOR                               NEXT     *   |       CHARACTER            
EDITION                              NEXT     *   |       CHARACTER            
MFHD_ID                              NEXT     *   |       CHARACTER            
PATRON_LAST_NAME                     NEXT     *   |       CHARACTER            
PATRON_FIRST_NAME                    NEXT     *   |       CHARACTER            
PATRON_BARCODE                       NEXT     *   |       CHARACTER            
PATRON_GROUP                         NEXT     *   |       CHARACTER            
PATRON_CODE                          NEXT     *   |       CHARACTER            
USER_COMMENT                         NEXT     *   |       CHARACTER            
PATRON_ID                            NEXT     *   |       CHARACTER            

value used for ROWS parameter changed from 100 to 94

Table VGER_SUPPORT.PIA_REQUEST:
  1 Row successfully loaded.
  0 Rows not loaded due to data errors.
  0 Rows not loaded because all WHEN clauses were failed.
  0 Rows not loaded because all fields were null.


Space allocated for bind array:                 509292 bytes(94 rows)
Read   buffer bytes: 1048576

Total logical records skipped:          0
Total logical records read:             1
Total logical records rejected:         0
Total logical records discarded:        0

Run began on Wed Apr 20 11:50:00 2016
Run ended on Wed Apr 20 11:50:01 2016

Elapsed time was:     00:00:00.26
CPU time was:         00:00:00.05
Wed Apr 20 11:50:01 PDT 2016 Completed loading /m1/voyager/ucladb/local/pia/requests/opacrequests.BUYFORME.20160420115000.out into Oracle.

************************************************************

Wed Apr 20 11:50:01 PDT 2016 Running pia_phase_2_bibs.sql in Oracle...
Wed Apr 20 11:50:01 PDT 2016 Finished running pia_phase_2_bibs.sql

************************************************************
20160420122000 checking PIA requests
20160420125000 checking PIA requests
20160420132000 checking PIA requests
20160420135000 checking PIA requests
20160420142000 checking PIA requests
20160420145000 checking PIA requests
20160420152000 checking PIA requests
20160420155000 checking PIA requests
20160420162000 checking PIA requests

Wed Apr 20 16:20:00 PDT 2016 Loading data into Oracle...
SQL*Loader execution successful.

SQL*Loader: Release 11.2.0.4.0 - Production on Wed Apr 20 16:20:01 2016

Copyright (c) 1982, 2011, Oracle and/or its affiliates.  All rights reserved.

Control File:   /m1/voyager/ucladb/local/pia/pia_requests.ctl
Data File:      /m1/voyager/ucladb/local/pia/requests/opacrequests.BUYFORME.20160420162000.out
  Bad File:     /m1/voyager/ucladb/local/pia/requests/opacrequests.BUYFORME.20160420162000.out.bad
  Discard File:  none specified
 
 (Allow all discards)

Number to load: ALL
Number to skip: 0
Errors allowed: 50
Bind array:     100 rows, maximum of 512000 bytes
Continuation:    none specified
Path used:      Conventional
Silent options: FEEDBACK and DISCARDS

Table VGER_SUPPORT.PIA_REQUEST, loaded from every logical record.
Insert option in effect for this table: APPEND
TRAILING NULLCOLS option in effect

   Column Name                  Position   Len  Term Encl Datatype
------------------------------ ---------- ----- ---- ---- ---------------------
REQUEST_ID                          FIRST     *   |       CHARACTER            
REQUEST_DATE                         NEXT     *   |       DATE YYYY-MM-DD HH24:MI:ss
USER_FIELD_1                         NEXT     *   |       CHARACTER            
USER_FIELD_2                         NEXT     *   |       CHARACTER            
USER_FIELD_3                         NEXT     *   |       CHARACTER            
USER_FIELD_4                         NEXT     *   |       CHARACTER            
USER_FIELD_5                         NEXT     *   |       CHARACTER            
USER_FIELD_6                         NEXT     *   |       CHARACTER            
BIB_ID                               NEXT     *   |       CHARACTER            
TITLE_BRIEF                          NEXT     *   |       CHARACTER            
TITLE_FULL                           NEXT     *   |       CHARACTER            
AUTHOR                               NEXT     *   |       CHARACTER            
EDITION                              NEXT     *   |       CHARACTER            
MFHD_ID                              NEXT     *   |       CHARACTER            
PATRON_LAST_NAME                     NEXT     *   |       CHARACTER            
PATRON_FIRST_NAME                    NEXT     *   |       CHARACTER            
PATRON_BARCODE                       NEXT     *   |       CHARACTER            
PATRON_GROUP                         NEXT     *   |       CHARACTER            
PATRON_CODE                          NEXT     *   |       CHARACTER            
USER_COMMENT                         NEXT     *   |       CHARACTER            
PATRON_ID                            NEXT     *   |       CHARACTER            

value used for ROWS parameter changed from 100 to 94

Table VGER_SUPPORT.PIA_REQUEST:
  1 Row successfully loaded.
  0 Rows not loaded due to data errors.
  0 Rows not loaded because all WHEN clauses were failed.
  0 Rows not loaded because all fields were null.


Space allocated for bind array:                 509292 bytes(94 rows)
Read   buffer bytes: 1048576

Total logical records skipped:          0
Total logical records read:             1
Total logical records rejected:         0
Total logical records discarded:        0

Run began on Wed Apr 20 16:20:01 2016
Run ended on Wed Apr 20 16:20:01 2016

Elapsed time was:     00:00:00.51
CPU time was:         00:00:00.05
Wed Apr 20 16:20:01 PDT 2016 Completed loading /m1/voyager/ucladb/local/pia/requests/opacrequests.BUYFORME.20160420162000.out into Oracle.

************************************************************

Wed Apr 20 16:20:01 PDT 2016 Running pia_phase_2_bibs.sql in Oracle...
Wed Apr 20 16:20:03 PDT 2016 Finished running pia_phase_2_bibs.sql

************************************************************

Record Type:      BIB
Export Mode:      Range of MARC IDs
Export Target:    7720423-7720423
Output File Name: 7720423.mrc

(# = 100 records)
EXPORTING...
...COMPLETED

Records written to Output File:  1

No errors were encountered during processing.
Starting import, please wait...
Completed import for pid 2490
20160420165000 checking PIA requests
20160420172000 checking PIA requests
20160420175000 checking PIA requests
20160421082000 checking PIA requests
20160421085001 checking PIA requests
20160421092000 checking PIA requests
20160421095000 checking PIA requests
20160421102000 checking PIA requests
20160421105000 checking PIA requests
20160421112000 checking PIA requests

Thu Apr 21 11:20:00 PDT 2016 Loading data into Oracle...
SQL*Loader execution successful.

SQL*Loader: Release 11.2.0.4.0 - Production on Thu Apr 21 11:20:00 2016

Copyright (c) 1982, 2011, Oracle and/or its affiliates.  All rights reserved.

Control File:   /m1/voyager/ucladb/local/pia/pia_requests.ctl
Data File:      /m1/voyager/ucladb/local/pia/requests/opacrequests.BUYFORME.20160421112000.out
  Bad File:     /m1/voyager/ucladb/local/pia/requests/opacrequests.BUYFORME.20160421112000.out.bad
  Discard File:  none specified
 
 (Allow all discards)

Number to load: ALL
Number to skip: 0
Errors allowed: 50
Bind array:     100 rows, maximum of 512000 bytes
Continuation:    none specified
Path used:      Conventional
Silent options: FEEDBACK and DISCARDS

Table VGER_SUPPORT.PIA_REQUEST, loaded from every logical record.
Insert option in effect for this table: APPEND
TRAILING NULLCOLS option in effect

   Column Name                  Position   Len  Term Encl Datatype
------------------------------ ---------- ----- ---- ---- ---------------------
REQUEST_ID                          FIRST     *   |       CHARACTER            
REQUEST_DATE                         NEXT     *   |       DATE YYYY-MM-DD HH24:MI:ss
USER_FIELD_1                         NEXT     *   |       CHARACTER            
USER_FIELD_2                         NEXT     *   |       CHARACTER            
USER_FIELD_3                         NEXT     *   |       CHARACTER            
USER_FIELD_4                         NEXT     *   |       CHARACTER            
USER_FIELD_5                         NEXT     *   |       CHARACTER            
USER_FIELD_6                         NEXT     *   |       CHARACTER            
BIB_ID                               NEXT     *   |       CHARACTER            
TITLE_BRIEF                          NEXT     *   |       CHARACTER            
TITLE_FULL                           NEXT     *   |       CHARACTER            
AUTHOR                               NEXT     *   |       CHARACTER            
EDITION                              NEXT     *   |       CHARACTER            
MFHD_ID                              NEXT     *   |       CHARACTER            
PATRON_LAST_NAME                     NEXT     *   |       CHARACTER            
PATRON_FIRST_NAME                    NEXT     *   |       CHARACTER            
PATRON_BARCODE                       NEXT     *   |       CHARACTER            
PATRON_GROUP                         NEXT     *   |       CHARACTER            
PATRON_CODE                          NEXT     *   |       CHARACTER            
USER_COMMENT                         NEXT     *   |       CHARACTER            
PATRON_ID                            NEXT     *   |       CHARACTER            

value used for ROWS parameter changed from 100 to 94

Table VGER_SUPPORT.PIA_REQUEST:
  1 Row successfully loaded.
  0 Rows not loaded due to data errors.
  0 Rows not loaded because all WHEN clauses were failed.
  0 Rows not loaded because all fields were null.


Space allocated for bind array:                 509292 bytes(94 rows)
Read   buffer bytes: 1048576

Total logical records skipped:          0
Total logical records read:             1
Total logical records rejected:         0
Total logical records discarded:        0

Run began on Thu Apr 21 11:20:00 2016
Run ended on Thu Apr 21 11:20:00 2016

Elapsed time was:     00:00:00.34
CPU time was:         00:00:00.05
Thu Apr 21 11:20:00 PDT 2016 Completed loading /m1/voyager/ucladb/local/pia/requests/opacrequests.BUYFORME.20160421112000.out into Oracle.

************************************************************

Thu Apr 21 11:20:01 PDT 2016 Running pia_phase_2_bibs.sql in Oracle...
Thu Apr 21 11:20:02 PDT 2016 Finished running pia_phase_2_bibs.sql

************************************************************
20160421115000 checking PIA requests
20160421122000 checking PIA requests
20160421125000 checking PIA requests

Thu Apr 21 12:50:00 PDT 2016 Loading data into Oracle...
SQL*Loader execution successful.

SQL*Loader: Release 11.2.0.4.0 - Production on Thu Apr 21 12:50:01 2016

Copyright (c) 1982, 2011, Oracle and/or its affiliates.  All rights reserved.

Control File:   /m1/voyager/ucladb/local/pia/pia_requests.ctl
Data File:      /m1/voyager/ucladb/local/pia/requests/opacrequests.BUYFORME.20160421125000.out
  Bad File:     /m1/voyager/ucladb/local/pia/requests/opacrequests.BUYFORME.20160421125000.out.bad
  Discard File:  none specified
 
 (Allow all discards)

Number to load: ALL
Number to skip: 0
Errors allowed: 50
Bind array:     100 rows, maximum of 512000 bytes
Continuation:    none specified
Path used:      Conventional
Silent options: FEEDBACK and DISCARDS

Table VGER_SUPPORT.PIA_REQUEST, loaded from every logical record.
Insert option in effect for this table: APPEND
TRAILING NULLCOLS option in effect

   Column Name                  Position   Len  Term Encl Datatype
------------------------------ ---------- ----- ---- ---- ---------------------
REQUEST_ID                          FIRST     *   |       CHARACTER            
REQUEST_DATE                         NEXT     *   |       DATE YYYY-MM-DD HH24:MI:ss
USER_FIELD_1                         NEXT     *   |       CHARACTER            
USER_FIELD_2                         NEXT     *   |       CHARACTER            
USER_FIELD_3                         NEXT     *   |       CHARACTER            
USER_FIELD_4                         NEXT     *   |       CHARACTER            
USER_FIELD_5                         NEXT     *   |       CHARACTER            
USER_FIELD_6                         NEXT     *   |       CHARACTER            
BIB_ID                               NEXT     *   |       CHARACTER            
TITLE_BRIEF                          NEXT     *   |       CHARACTER            
TITLE_FULL                           NEXT     *   |       CHARACTER            
AUTHOR                               NEXT     *   |       CHARACTER            
EDITION                              NEXT     *   |       CHARACTER            
MFHD_ID                              NEXT     *   |       CHARACTER            
PATRON_LAST_NAME                     NEXT     *   |       CHARACTER            
PATRON_FIRST_NAME                    NEXT     *   |       CHARACTER            
PATRON_BARCODE                       NEXT     *   |       CHARACTER            
PATRON_GROUP                         NEXT     *   |       CHARACTER            
PATRON_CODE                          NEXT     *   |       CHARACTER            
USER_COMMENT                         NEXT     *   |       CHARACTER            
PATRON_ID                            NEXT     *   |       CHARACTER            

value used for ROWS parameter changed from 100 to 94

Table VGER_SUPPORT.PIA_REQUEST:
  2 Rows successfully loaded.
  0 Rows not loaded due to data errors.
  0 Rows not loaded because all WHEN clauses were failed.
  0 Rows not loaded because all fields were null.


Space allocated for bind array:                 509292 bytes(94 rows)
Read   buffer bytes: 1048576

Total logical records skipped:          0
Total logical records read:             2
Total logical records rejected:         0
Total logical records discarded:        0

Run began on Thu Apr 21 12:50:01 2016
Run ended on Thu Apr 21 12:50:01 2016

Elapsed time was:     00:00:00.42
CPU time was:         00:00:00.05
Thu Apr 21 12:50:01 PDT 2016 Completed loading /m1/voyager/ucladb/local/pia/requests/opacrequests.BUYFORME.20160421125000.out into Oracle.

************************************************************

Thu Apr 21 12:50:01 PDT 2016 Running pia_phase_2_bibs.sql in Oracle...
Thu Apr 21 12:50:03 PDT 2016 Finished running pia_phase_2_bibs.sql

************************************************************

Record Type:      BIB
Export Mode:      Range of MARC IDs
Export Target:    7812067-7812067
Output File Name: 7812067.mrc

(# = 100 records)
EXPORTING...
...COMPLETED

Records written to Output File:  1

No errors were encountered during processing.
Starting import, please wait...
Completed import for pid 8940
20160421132000 checking PIA requests
20160421135000 checking PIA requests
20160421142000 checking PIA requests
20160421145000 checking PIA requests

Thu Apr 21 14:50:00 PDT 2016 Loading data into Oracle...
SQL*Loader execution successful.

SQL*Loader: Release 11.2.0.4.0 - Production on Thu Apr 21 14:50:01 2016

Copyright (c) 1982, 2011, Oracle and/or its affiliates.  All rights reserved.

Control File:   /m1/voyager/ucladb/local/pia/pia_requests.ctl
Data File:      /m1/voyager/ucladb/local/pia/requests/opacrequests.BUYFORME.20160421145000.out
  Bad File:     /m1/voyager/ucladb/local/pia/requests/opacrequests.BUYFORME.20160421145000.out.bad
  Discard File:  none specified
 
 (Allow all discards)

Number to load: ALL
Number to skip: 0
Errors allowed: 50
Bind array:     100 rows, maximum of 512000 bytes
Continuation:    none specified
Path used:      Conventional
Silent options: FEEDBACK and DISCARDS

Table VGER_SUPPORT.PIA_REQUEST, loaded from every logical record.
Insert option in effect for this table: APPEND
TRAILING NULLCOLS option in effect

   Column Name                  Position   Len  Term Encl Datatype
------------------------------ ---------- ----- ---- ---- ---------------------
REQUEST_ID                          FIRST     *   |       CHARACTER            
REQUEST_DATE                         NEXT     *   |       DATE YYYY-MM-DD HH24:MI:ss
USER_FIELD_1                         NEXT     *   |       CHARACTER            
USER_FIELD_2                         NEXT     *   |       CHARACTER            
USER_FIELD_3                         NEXT     *   |       CHARACTER            
USER_FIELD_4                         NEXT     *   |       CHARACTER            
USER_FIELD_5                         NEXT     *   |       CHARACTER            
USER_FIELD_6                         NEXT     *   |       CHARACTER            
BIB_ID                               NEXT     *   |       CHARACTER            
TITLE_BRIEF                          NEXT     *   |       CHARACTER            
TITLE_FULL                           NEXT     *   |       CHARACTER            
AUTHOR                               NEXT     *   |       CHARACTER            
EDITION                              NEXT     *   |       CHARACTER            
MFHD_ID                              NEXT     *   |       CHARACTER            
PATRON_LAST_NAME                     NEXT     *   |       CHARACTER            
PATRON_FIRST_NAME                    NEXT     *   |       CHARACTER            
PATRON_BARCODE                       NEXT     *   |       CHARACTER            
PATRON_GROUP                         NEXT     *   |       CHARACTER            
PATRON_CODE                          NEXT     *   |       CHARACTER            
USER_COMMENT                         NEXT     *   |       CHARACTER            
PATRON_ID                            NEXT     *   |       CHARACTER            

value used for ROWS parameter changed from 100 to 94

Table VGER_SUPPORT.PIA_REQUEST:
  1 Row successfully loaded.
  0 Rows not loaded due to data errors.
  0 Rows not loaded because all WHEN clauses were failed.
  0 Rows not loaded because all fields were null.


Space allocated for bind array:                 509292 bytes(94 rows)
Read   buffer bytes: 1048576

Total logical records skipped:          0
Total logical records read:             1
Total logical records rejected:         0
Total logical records discarded:        0

Run began on Thu Apr 21 14:50:01 2016
Run ended on Thu Apr 21 14:50:01 2016

Elapsed time was:     00:00:00.31
CPU time was:         00:00:00.05
Thu Apr 21 14:50:01 PDT 2016 Completed loading /m1/voyager/ucladb/local/pia/requests/opacrequests.BUYFORME.20160421145000.out into Oracle.

************************************************************

Thu Apr 21 14:50:01 PDT 2016 Running pia_phase_2_bibs.sql in Oracle...
Thu Apr 21 14:50:01 PDT 2016 Finished running pia_phase_2_bibs.sql

************************************************************

Record Type:      BIB
Export Mode:      Range of MARC IDs
Export Target:    7686725-7686725
Output File Name: 7686725.mrc

(# = 100 records)
EXPORTING...
...COMPLETED

Records written to Output File:  1

No errors were encountered during processing.
Starting import, please wait...
Completed import for pid 2130
20160421152000 checking PIA requests
